Using pre-set license
Built from '2020.2/staging' branch; Version is '2020.2.6f1 (8a2143876886) revision 9052483'; Using compiler version '192528614'; Build Type 'Release'
OS: 'Windows 10 Pro; OS build 19042.1052; Version 2009; 64bit' Language: 'ru' Physical Memory: 16315 MB
BatchMode: 1, IsHumanControllingUs: 0, StartBugReporterOnCrash: 0, Is64bit: 1, IsPro: 0

 COMMAND LINE ARGUMENTS:
C:\Program Files\Unity\Hub\Editor\2020.2.6f1\Editor\Unity.exe
-adb2
-batchMode
-noUpm
-name
AssetImportWorker0
-projectPath
C:/Users/mrrac/Documents/GitHub/Treewalker
-logFile
Logs/AssetImportWorker0.log
-srvPort
61835
Successfully changed project path to: C:/Users/mrrac/Documents/GitHub/Treewalker
C:/Users/mrrac/Documents/GitHub/Treewalker
Using Asset Import Pipeline V2.
Refreshing native plugins compatible for Editor in 42.26 ms, found 1 plugins.
Preloading 0 native plugins for Editor in 0.00 ms.
Initialize engine version: 2020.2.6f1 (8a2143876886)
[Subsystems] Discovering subsystems at path C:/Program Files/Unity/Hub/Editor/2020.2.6f1/Editor/Data/Resources/UnitySubsystems
[Subsystems] Discovering subsystems at path C:/Users/mrrac/Documents/GitHub/Treewalker/Assets
GfxDevice: creating device client; threaded=0
Direct3D:
    Version:  Direct3D 11.0 [level 11.1]
    Renderer: Radeon RX Vega (ID=0x687f)
    Vendor:   
    VRAM:     8119 MB
    Driver:   27.20.12029.1000
Initialize mono
Mono path[0] = 'C:/Program Files/Unity/Hub/Editor/2020.2.6f1/Editor/Data/Managed'
Mono path[1] = 'C:/Program Files/Unity/Hub/Editor/2020.2.6f1/Editor/Data/MonoBleedingEdge/lib/mono/unityjit'
Mono config path = 'C:/Program Files/Unity/Hub/Editor/2020.2.6f1/Editor/Data/MonoBleedingEdge/etc'
Using monoOptions --debugger-agent=transport=dt_socket,embedding=1,server=y,suspend=n,address=127.0.0.1:56008
Begin MonoManager ReloadAssembly
Registering precompiled unity dll's ...
Register platform support module: C:/Program Files/Unity/Hub/Editor/2020.2.6f1/Editor/Data/PlaybackEngines/WindowsStandaloneSupport/UnityEditor.WindowsStandalone.Extensions.dll
Registered in 0.001420 seconds.
Native extension for WindowsStandalone target not found
Refreshing native plugins compatible for Editor in 40.27 ms, found 1 plugins.
Preloading 0 native plugins for Editor in 0.00 ms.
Invoked RoslynAnalysisRunner static constructor.
RoslynAnalysisRunner will not be running.
RoslynAnalysisRunner has terminated.
Mono: successfully reloaded assembly
- Completed reload, in  1.714 seconds
Platform modules already initialized, skipping
Registering precompiled user dll's ...
Registered in 0.000963 seconds.
Begin MonoManager ReloadAssembly
CreateSerializedAsset is not supported while importing out-of-process
UnityEngine.StackTraceUtility:ExtractStackTrace ()
Spine.Unity.Editor.SpinePreferences:GetOrCreateSettings () (at Assets/Spine/Editor/spine-unity/Editor/Windows/SpinePreferences.cs:121)
Spine.Unity.Editor.SpinePreferences:Load () (at Assets/Spine/Editor/spine-unity/Editor/Windows/SpinePreferences.cs:106)
Spine.Unity.Editor.SpineEditorUtilities:Initialize () (at Assets/Spine/Editor/spine-unity/Editor/Utility/SpineEditorUtilities.cs:105)
Spine.Unity.Editor.SpineEditorUtilities:.cctor () (at Assets/Spine/Editor/spine-unity/Editor/Utility/SpineEditorUtilities.cs:96)
System.Reflection.MonoCMethod:InternalInvoke (object,object[])
System.RuntimeType:CreateInstanceMono (bool)
System.RuntimeType:CreateInstanceSlow (bool,bool,bool,System.Threading.StackCrawlMark&)
System.RuntimeType:CreateInstanceDefaultCtor (bool,bool,bool,System.Threading.StackCrawlMark&)
System.Activator:CreateInstance (System.Type,bool)
System.Activator:CreateInstance (System.Type)
UnityEditor.AssetPostprocessingInternal:GetMeshProcessorsHashString ()

[Assets/Spine/Editor/spine-unity/Editor/Windows/SpinePreferences.cs line 121]

UnityException: Creating asset at path Assets/Editor/SpineSettings.asset failed.
  at (wrapper managed-to-native) UnityEditor.AssetDatabase.CreateAsset(UnityEngine.Object,string)
  at Spine.Unity.Editor.SpinePreferences.GetOrCreateSettings () [0x00069] in C:\Users\mrrac\Documents\GitHub\Treewalker\Assets\Spine\Editor\spine-unity\Editor\Windows\SpinePreferences.cs:121 
  at Spine.Unity.Editor.SpinePreferences.Load () [0x00001] in C:\Users\mrrac\Documents\GitHub\Treewalker\Assets\Spine\Editor\spine-unity\Editor\Windows\SpinePreferences.cs:106 
  at Spine.Unity.Editor.SpineEditorUtilities.Initialize () [0x00001] in C:\Users\mrrac\Documents\GitHub\Treewalker\Assets\Spine\Editor\spine-unity\Editor\Utility\SpineEditorUtilities.cs:105 
  at Spine.Unity.Editor.SpineEditorUtilities..cctor () [0x0001f] in C:\Users\mrrac\Documents\GitHub\Treewalker\Assets\Spine\Editor\spine-unity\Editor\Utility\SpineEditorUtilities.cs:96 
Rethrow as TypeInitializationException: The type initializer for 'Spine.Unity.Editor.SpineEditorUtilities' threw an exception.
  at (wrapper managed-to-native) System.Reflection.MonoCMethod.InternalInvoke(System.Reflection.MonoCMethod,object,object[],System.Exception&)
  at System.Reflection.MonoCMethod.InternalInvoke (System.Object obj, System.Object[] parameters) [0x00002] in <eae584ce26bc40229c1b1aa476bfa589>:0 
Rethrow as TargetInvocationException: Exception has been thrown by the target of an invocation.
  at System.Reflection.MonoCMethod.InternalInvoke (System.Object obj, System.Object[] parameters) [0x00014] in <eae584ce26bc40229c1b1aa476bfa589>:0 
  at System.RuntimeType.CreateInstanceMono (System.Boolean nonPublic) [0x000a8] in <eae584ce26bc40229c1b1aa476bfa589>:0 
  at System.RuntimeType.CreateInstanceSlow (System.Boolean publicOnly, System.Boolean skipCheckThis, System.Boolean fillCache, System.Threading.StackCrawlMark& stackMark) [0x00009] in <eae584ce26bc40229c1b1aa476bfa589>:0 
  at System.RuntimeType.CreateInstanceDefaultCtor (System.Boolean publicOnly, System.Boolean skipCheckThis, System.Boolean fillCache, System.Threading.StackCrawlMark& stackMark) [0x00027] in <eae584ce26bc40229c1b1aa476bfa589>:0 
  at System.Activator.CreateInstance (System.Type type, System.Boolean nonPublic) [0x0002c] in <eae584ce26bc40229c1b1aa476bfa589>:0 
  at System.Activator.CreateInstance (System.Type type) [0x00000] in <eae584ce26bc40229c1b1aa476bfa589>:0 
  at UnityEditor.AssetPostprocessingInternal.GetMeshProcessorsHashString () [0x00035] in <8c48e4bc2ff34638b69095cbb65e2e27>:0 
UnityEngine.DebugLogHandler:Internal_LogException(Exception, Object)
UnityEngine.DebugLogHandler:LogException(Exception, Object)
UnityEngine.Logger:LogException(Exception, Object)
UnityEngine.Debug:LogException(Exception)
UnityEditor.AssetPostprocessingInternal:GetMeshProcessorsHashString()

(Filename: Assets/Spine/Editor/spine-unity/Editor/Windows/SpinePreferences.cs Line: 121)

UnityException: Creating asset at path Assets/Editor/SpineSettings.asset failed.
  at (wrapper managed-to-native) UnityEditor.AssetDatabase.CreateAsset(UnityEngine.Object,string)
  at Spine.Unity.Editor.SpinePreferences.GetOrCreateSettings () [0x00069] in C:\Users\mrrac\Documents\GitHub\Treewalker\Assets\Spine\Editor\spine-unity\Editor\Windows\SpinePreferences.cs:121 
  at Spine.Unity.Editor.SpinePreferences.Load () [0x00001] in C:\Users\mrrac\Documents\GitHub\Treewalker\Assets\Spine\Editor\spine-unity\Editor\Windows\SpinePreferences.cs:106 
  at Spine.Unity.Editor.SpineEditorUtilities.Initialize () [0x00001] in C:\Users\mrrac\Documents\GitHub\Treewalker\Assets\Spine\Editor\spine-unity\Editor\Utility\SpineEditorUtilities.cs:105 
  at Spine.Unity.Editor.SpineEditorUtilities..cctor () [0x0001f] in C:\Users\mrrac\Documents\GitHub\Treewalker\Assets\Spine\Editor\spine-unity\Editor\Utility\SpineEditorUtilities.cs:96 
Rethrow as TypeInitializationException: The type initializer for 'Spine.Unity.Editor.SpineEditorUtilities' threw an exception.
  at (wrapper managed-to-native) System.Reflection.MonoCMethod.InternalInvoke(System.Reflection.MonoCMethod,object,object[],System.Exception&)
  at System.Reflection.MonoCMethod.InternalInvoke (System.Object obj, System.Object[] parameters) [0x00002] in <eae584ce26bc40229c1b1aa476bfa589>:0 
Rethrow as TargetInvocationException: Exception has been thrown by the target of an invocation.
  at System.Reflection.MonoCMethod.InternalInvoke (System.Object obj, System.Object[] parameters) [0x00014] in <eae584ce26bc40229c1b1aa476bfa589>:0 
  at System.RuntimeType.CreateInstanceMono (System.Boolean nonPublic) [0x000a8] in <eae584ce26bc40229c1b1aa476bfa589>:0 
  at System.RuntimeType.CreateInstanceSlow (System.Boolean publicOnly, System.Boolean skipCheckThis, System.Boolean fillCache, System.Threading.StackCrawlMark& stackMark) [0x00009] in <eae584ce26bc40229c1b1aa476bfa589>:0 
  at System.RuntimeType.CreateInstanceDefaultCtor (System.Boolean publicOnly, System.Boolean skipCheckThis, System.Boolean fillCache, System.Threading.StackCrawlMark& stackMark) [0x00027] in <eae584ce26bc40229c1b1aa476bfa589>:0 
  at System.Activator.CreateInstance (System.Type type, System.Boolean nonPublic) [0x0002c] in <eae584ce26bc40229c1b1aa476bfa589>:0 
  at System.Activator.CreateInstance (System.Type type) [0x00000] in <eae584ce26bc40229c1b1aa476bfa589>:0 
  at UnityEditor.AssetPostprocessingInternal.GetTextureProcessorsHashString () [0x00035] in <8c48e4bc2ff34638b69095cbb65e2e27>:0 
UnityEngine.DebugLogHandler:Internal_LogException(Exception, Object)
UnityEngine.DebugLogHandler:LogException(Exception, Object)
UnityEngine.Logger:LogException(Exception, Object)
UnityEngine.Debug:LogException(Exception)
UnityEditor.AssetPostprocessingInternal:GetTextureProcessorsHashString()

(Filename: Assets/Spine/Editor/spine-unity/Editor/Windows/SpinePreferences.cs Line: 121)

UnityException: Creating asset at path Assets/Editor/SpineSettings.asset failed.
  at (wrapper managed-to-native) UnityEditor.AssetDatabase.CreateAsset(UnityEngine.Object,string)
  at Spine.Unity.Editor.SpinePreferences.GetOrCreateSettings () [0x00069] in C:\Users\mrrac\Documents\GitHub\Treewalker\Assets\Spine\Editor\spine-unity\Editor\Windows\SpinePreferences.cs:121 
  at Spine.Unity.Editor.SpinePreferences.Load () [0x00001] in C:\Users\mrrac\Documents\GitHub\Treewalker\Assets\Spine\Editor\spine-unity\Editor\Windows\SpinePreferences.cs:106 
  at Spine.Unity.Editor.SpineEditorUtilities.Initialize () [0x00001] in C:\Users\mrrac\Documents\GitHub\Treewalker\Assets\Spine\Editor\spine-unity\Editor\Utility\SpineEditorUtilities.cs:105 
  at Spine.Unity.Editor.SpineEditorUtilities..cctor () [0x0001f] in C:\Users\mrrac\Documents\GitHub\Treewalker\Assets\Spine\Editor\spine-unity\Editor\Utility\SpineEditorUtilities.cs:96 
Rethrow as TypeInitializationException: The type initializer for 'Spine.Unity.Editor.SpineEditorUtilities' threw an exception.
  at (wrapper managed-to-native) System.Reflection.MonoCMethod.InternalInvoke(System.Reflection.MonoCMethod,object,object[],System.Exception&)
  at System.Reflection.MonoCMethod.InternalInvoke (System.Object obj, System.Object[] parameters) [0x00002] in <eae584ce26bc40229c1b1aa476bfa589>:0 
Rethrow as TargetInvocationException: Exception has been thrown by the target of an invocation.
  at System.Reflection.MonoCMethod.InternalInvoke (System.Object obj, System.Object[] parameters) [0x00014] in <eae584ce26bc40229c1b1aa476bfa589>:0 
  at System.RuntimeType.CreateInstanceMono (System.Boolean nonPublic) [0x000a8] in <eae584ce26bc40229c1b1aa476bfa589>:0 
  at System.RuntimeType.CreateInstanceSlow (System.Boolean publicOnly, System.Boolean skipCheckThis, System.Boolean fillCache, System.Threading.StackCrawlMark& stackMark) [0x00009] in <eae584ce26bc40229c1b1aa476bfa589>:0 
  at System.RuntimeType.CreateInstanceDefaultCtor (System.Boolean publicOnly, System.Boolean skipCheckThis, System.Boolean fillCache, System.Threading.StackCrawlMark& stackMark) [0x00027] in <eae584ce26bc40229c1b1aa476bfa589>:0 
  at System.Activator.CreateInstance (System.Type type, System.Boolean nonPublic) [0x0002c] in <eae584ce26bc40229c1b1aa476bfa589>:0 
  at System.Activator.CreateInstance (System.Type type) [0x00000] in <eae584ce26bc40229c1b1aa476bfa589>:0 
  at UnityEditor.AssetPostprocessingInternal.GetAudioProcessorsHashString () [0x00035] in <8c48e4bc2ff34638b69095cbb65e2e27>:0 
UnityEngine.DebugLogHandler:Internal_LogException(Exception, Object)
UnityEngine.DebugLogHandler:LogException(Exception, Object)
UnityEngine.Logger:LogException(Exception, Object)
UnityEngine.Debug:LogException(Exception)
UnityEditor.AssetPostprocessingInternal:GetAudioProcessorsHashString()

(Filename: Assets/Spine/Editor/spine-unity/Editor/Windows/SpinePreferences.cs Line: 121)

UnityException: Creating asset at path Assets/Editor/SpineSettings.asset failed.
  at (wrapper managed-to-native) UnityEditor.AssetDatabase.CreateAsset(UnityEngine.Object,string)
  at Spine.Unity.Editor.SpinePreferences.GetOrCreateSettings () [0x00069] in C:\Users\mrrac\Documents\GitHub\Treewalker\Assets\Spine\Editor\spine-unity\Editor\Windows\SpinePreferences.cs:121 
  at Spine.Unity.Editor.SpinePreferences.Load () [0x00001] in C:\Users\mrrac\Documents\GitHub\Treewalker\Assets\Spine\Editor\spine-unity\Editor\Windows\SpinePreferences.cs:106 
  at Spine.Unity.Editor.SpineEditorUtilities.Initialize () [0x00001] in C:\Users\mrrac\Documents\GitHub\Treewalker\Assets\Spine\Editor\spine-unity\Editor\Utility\SpineEditorUtilities.cs:105 
  at Spine.Unity.Editor.SpineEditorUtilities..cctor () [0x0001f] in C:\Users\mrrac\Documents\GitHub\Treewalker\Assets\Spine\Editor\spine-unity\Editor\Utility\SpineEditorUtilities.cs:96 
Rethrow as TypeInitializationException: The type initializer for 'Spine.Unity.Editor.SpineEditorUtilities' threw an exception.
  at (wrapper managed-to-native) System.Reflection.MonoCMethod.InternalInvoke(System.Reflection.MonoCMethod,object,object[],System.Exception&)
  at System.Reflection.MonoCMethod.InternalInvoke (System.Object obj, System.Object[] parameters) [0x00002] in <eae584ce26bc40229c1b1aa476bfa589>:0 
Rethrow as TargetInvocationException: Exception has been thrown by the target of an invocation.
  at System.Reflection.MonoCMethod.InternalInvoke (System.Object obj, System.Object[] parameters) [0x00014] in <eae584ce26bc40229c1b1aa476bfa589>:0 
  at System.RuntimeType.CreateInstanceMono (System.Boolean nonPublic) [0x000a8] in <eae584ce26bc40229c1b1aa476bfa589>:0 
  at System.RuntimeType.CreateInstanceSlow (System.Boolean publicOnly, System.Boolean skipCheckThis, System.Boolean fillCache, System.Threading.StackCrawlMark& stackMark) [0x00009] in <eae584ce26bc40229c1b1aa476bfa589>:0 
  at System.RuntimeType.CreateInstanceDefaultCtor (System.Boolean publicOnly, System.Boolean skipCheckThis, System.Boolean fillCache, System.Threading.StackCrawlMark& stackMark) [0x00027] in <eae584ce26bc40229c1b1aa476bfa589>:0 
  at System.Activator.CreateInstance (System.Type type, System.Boolean nonPublic) [0x0002c] in <eae584ce26bc40229c1b1aa476bfa589>:0 
  at System.Activator.CreateInstance (System.Type type) [0x00000] in <eae584ce26bc40229c1b1aa476bfa589>:0 
  at UnityEditor.AssetPostprocessingInternal.GetSpeedTreeProcessorsHashString () [0x00035] in <8c48e4bc2ff34638b69095cbb65e2e27>:0 
UnityEngine.DebugLogHandler:Internal_LogException(Exception, Object)
UnityEngine.DebugLogHandler:LogException(Exception, Object)
UnityEngine.Logger:LogException(Exception, Object)
UnityEngine.Debug:LogException(Exception)
UnityEditor.AssetPostprocessingInternal:GetSpeedTreeProcessorsHashString()

(Filename: Assets/Spine/Editor/spine-unity/Editor/Windows/SpinePreferences.cs Line: 121)

UnityException: Creating asset at path Assets/Editor/SpineSettings.asset failed.
  at (wrapper managed-to-native) UnityEditor.AssetDatabase.CreateAsset(UnityEngine.Object,string)
  at Spine.Unity.Editor.SpinePreferences.GetOrCreateSettings () [0x00069] in C:\Users\mrrac\Documents\GitHub\Treewalker\Assets\Spine\Editor\spine-unity\Editor\Windows\SpinePreferences.cs:121 
  at Spine.Unity.Editor.SpinePreferences.Load () [0x00001] in C:\Users\mrrac\Documents\GitHub\Treewalker\Assets\Spine\Editor\spine-unity\Editor\Windows\SpinePreferences.cs:106 
  at Spine.Unity.Editor.SpineEditorUtilities.Initialize () [0x00001] in C:\Users\mrrac\Documents\GitHub\Treewalker\Assets\Spine\Editor\spine-unity\Editor\Utility\SpineEditorUtilities.cs:105 
  at Spine.Unity.Editor.SpineEditorUtilities..cctor () [0x0001f] in C:\Users\mrrac\Documents\GitHub\Treewalker\Assets\Spine\Editor\spine-unity\Editor\Utility\SpineEditorUtilities.cs:96 
Rethrow as TypeInitializationException: The type initializer for 'Spine.Unity.Editor.SpineEditorUtilities' threw an exception.
  at (wrapper managed-to-native) System.Reflection.MonoCMethod.InternalInvoke(System.Reflection.MonoCMethod,object,object[],System.Exception&)
  at System.Reflection.MonoCMethod.InternalInvoke (System.Object obj, System.Object[] parameters) [0x00002] in <eae584ce26bc40229c1b1aa476bfa589>:0 
Rethrow as TargetInvocationException: Exception has been thrown by the target of an invocation.
  at System.Reflection.MonoCMethod.InternalInvoke (System.Object obj, System.Object[] parameters) [0x00014] in <eae584ce26bc40229c1b1aa476bfa589>:0 
  at System.RuntimeType.CreateInstanceMono (System.Boolean nonPublic) [0x000a8] in <eae584ce26bc40229c1b1aa476bfa589>:0 
  at System.RuntimeType.CreateInstanceSlow (System.Boolean publicOnly, System.Boolean skipCheckThis, System.Boolean fillCache, System.Threading.StackCrawlMark& stackMark) [0x00009] in <eae584ce26bc40229c1b1aa476bfa589>:0 
  at System.RuntimeType.CreateInstanceDefaultCtor (System.Boolean publicOnly, System.Boolean skipCheckThis, System.Boolean fillCache, System.Threading.StackCrawlMark& stackMark) [0x00027] in <eae584ce26bc40229c1b1aa476bfa589>:0 
  at System.Activator.CreateInstance (System.Type type, System.Boolean nonPublic) [0x0002c] in <eae584ce26bc40229c1b1aa476bfa589>:0 
  at System.Activator.CreateInstance (System.Type type) [0x00000] in <eae584ce26bc40229c1b1aa476bfa589>:0 
  at UnityEditor.AssetPostprocessingInternal.GetPrefabProcessorsHashString () [0x00035] in <8c48e4bc2ff34638b69095cbb65e2e27>:0 
UnityEngine.DebugLogHandler:Internal_LogException(Exception, Object)
UnityEngine.DebugLogHandler:LogException(Exception, Object)
UnityEngine.Logger:LogException(Exception, Object)
UnityEngine.Debug:LogException(Exception)
UnityEditor.AssetPostprocessingInternal:GetPrefabProcessorsHashString()

(Filename: Assets/Spine/Editor/spine-unity/Editor/Windows/SpinePreferences.cs Line: 121)

ReleaseAllScriptCaches did not release all script caches!

Remaining caches:
    spine-unity-editor:Spine.Unity.Editor:SpinePreferences
Native extension for WindowsStandalone target not found
Refreshing native plugins compatible for Editor in 38.80 ms, found 1 plugins.
Preloading 0 native plugins for Editor in 0.00 ms.
UnityEngine.UnityException: Creating asset at path Assets/Editor/SpineSettings.asset failed.
  at (wrapper managed-to-native) UnityEditor.AssetDatabase.CreateAsset(UnityEngine.Object,string)
  at Spine.Unity.Editor.SpinePreferences.GetOrCreateSettings () [0x00069] in C:\Users\mrrac\Documents\GitHub\Treewalker\Assets\Spine\Editor\spine-unity\Editor\Windows\SpinePreferences.cs:121 
  at Spine.Unity.Editor.SpinePreferences.Load () [0x00001] in C:\Users\mrrac\Documents\GitHub\Treewalker\Assets\Spine\Editor\spine-unity\Editor\Windows\SpinePreferences.cs:106 
  at Spine.Unity.Editor.SpineEditorUtilities.Initialize () [0x00001] in C:\Users\mrrac\Documents\GitHub\Treewalker\Assets\Spine\Editor\spine-unity\Editor\Utility\SpineEditorUtilities.cs:105 
  at Spine.Unity.Editor.SpineEditorUtilities..cctor () [0x0001f] in C:\Users\mrrac\Documents\GitHub\Treewalker\Assets\Spine\Editor\spine-unity\Editor\Utility\SpineEditorUtilities.cs:96 
UnityEngine.StackTraceUtility:ExtractStackTrace ()
UnityEngine.DebugLogHandler:LogFormat (UnityEngine.LogType,UnityEngine.Object,string,object[])
UnityEngine.Logger:Log (UnityEngine.LogType,object)
UnityEngine.Debug:LogError (object)
UnityEditor.EditorAssemblies:ProcessInitializeOnLoadAttributes (System.Type[])

Invoked RoslynAnalysisRunner static constructor.
RoslynAnalysisRunner will not be running.
RoslynAnalysisRunner has terminated.
Mono: successfully reloaded assembly
- Completed reload, in  0.877 seconds
Platform modules already initialized, skipping
========================================================================
Worker process is ready to serve import requests
Launched and connected shader compiler UnityShaderCompiler.exe after 0.04 seconds
Refreshing native plugins compatible for Editor in 0.50 ms, found 1 plugins.
Preloading 0 native plugins for Editor in 0.00 ms.
Unloading 2200 Unused Serialized files (Serialized files now loaded: 0)
System memory in use before: 104.1 MB.
System memory in use after: 103.1 MB.

Unloading 33 unused Assets to reduce memory usage. Loaded Objects now: 2644.
Total: 2.552900 ms (FindLiveObjects: 0.284100 ms CreateObjectMapping: 0.063500 ms MarkObjects: 1.487500 ms  DeleteObjects: 0.716900 ms)

========================================================================
Received Import Request.
  path: Assets/Scripts/Teleporting.cs
  artifactKey: Guid(a1bab17696ce2cd4eb1afe0b9df3734c) Importer(815301076,1909f56bfc062723c751e8b465ee728b)
Start importing Assets/Scripts/Teleporting.cs using Guid(a1bab17696ce2cd4eb1afe0b9df3734c) Importer(815301076,1909f56bfc062723c751e8b465ee728b)  -> (artifact id: 'a44e87e49f77a6c8b1c96e2becdbaa9a') in 0.025649 seconds
  Import took 0.030543 seconds .

========================================================================
Received Import Request.
  Time since last request: 0.000160 seconds.
  path: Assets/Scripts/MovingPlatformController.cs
  artifactKey: Guid(8d2c954e4653e2540b6fb0c4a8d417b9) Importer(815301076,1909f56bfc062723c751e8b465ee728b)
Start importing Assets/Scripts/MovingPlatformController.cs using Guid(8d2c954e4653e2540b6fb0c4a8d417b9) Importer(815301076,1909f56bfc062723c751e8b465ee728b)  -> (artifact id: '2148e90b615d0a65b5831052e73ab7b8') in 0.005590 seconds
  Import took 0.010597 seconds .

========================================================================
Received Import Request.
  Time since last request: 2.623502 seconds.
  path: Assets/Scripts/PlayerController.cs
  artifactKey: Guid(19a8f6aec4813d84e8137f6fd0ca5260) Importer(815301076,1909f56bfc062723c751e8b465ee728b)
Start importing Assets/Scripts/PlayerController.cs using Guid(19a8f6aec4813d84e8137f6fd0ca5260) Importer(815301076,1909f56bfc062723c751e8b465ee728b)  -> (artifact id: '12d2f3cb1bb1d6dfd2f0c2fc5f137772') in 0.006673 seconds
  Import took 0.011369 seconds .

========================================================================
Received Import Request.
  Time since last request: 1952.949147 seconds.
  path: Assets/Scripts/ObjectInteraction.cs
  artifactKey: Guid(0384603f2a5638f4f8939eecaddf1ad9) Importer(815301076,1909f56bfc062723c751e8b465ee728b)
Start importing Assets/Scripts/ObjectInteraction.cs using Guid(0384603f2a5638f4f8939eecaddf1ad9) Importer(815301076,1909f56bfc062723c751e8b465ee728b)  -> (artifact id: 'd74e8ba3cff913f75c1211d3cdd16956') in 0.007828 seconds
  Import took 0.014005 seconds .

========================================================================
Received Import Request.
  Time since last request: 0.397419 seconds.
  path: Assets/Scripts/ObjectJumping.cs
  artifactKey: Guid(e38f18b870b5cb046bc303d13b4534e5) Importer(815301076,1909f56bfc062723c751e8b465ee728b)
Start importing Assets/Scripts/ObjectJumping.cs using Guid(e38f18b870b5cb046bc303d13b4534e5) Importer(815301076,1909f56bfc062723c751e8b465ee728b)  -> (artifact id: '6bff79b80118662b47ead1cc0029a0c4') in 0.006946 seconds
  Import took 0.010188 seconds .

========================================================================
Received Import Request.
  Time since last request: 0.363374 seconds.
  path: Assets/Scripts/ParallaxBackground.cs
  artifactKey: Guid(e3ecbe11e85475647b4814609206f22e) Importer(815301076,1909f56bfc062723c751e8b465ee728b)
Start importing Assets/Scripts/ParallaxBackground.cs using Guid(e3ecbe11e85475647b4814609206f22e) Importer(815301076,1909f56bfc062723c751e8b465ee728b)  -> (artifact id: '20d55eacc9767d15a58d5556c5ec025e') in 0.007267 seconds
  Import took 0.011106 seconds .

========================================================================
Received Import Request.
  Time since last request: 0.802924 seconds.
  path: Assets/Scripts/PlayerCtrl.cs
  artifactKey: Guid(da7ffb1859c4f274581e66471b23e531) Importer(815301076,1909f56bfc062723c751e8b465ee728b)
Start importing Assets/Scripts/PlayerCtrl.cs using Guid(da7ffb1859c4f274581e66471b23e531) Importer(815301076,1909f56bfc062723c751e8b465ee728b)  -> (artifact id: 'b957b8489af02cb4f70e1617a93d50d1') in 0.005932 seconds
  Import took 0.009756 seconds .

========================================================================
Received Import Request.
  Time since last request: 1.783063 seconds.
  path: Assets/Scripts/TurnOffMusic.cs
  artifactKey: Guid(b9454f97418d0c54a868af782eb5aee8) Importer(815301076,1909f56bfc062723c751e8b465ee728b)
Start importing Assets/Scripts/TurnOffMusic.cs using Guid(b9454f97418d0c54a868af782eb5aee8) Importer(815301076,1909f56bfc062723c751e8b465ee728b)  -> (artifact id: '34040d688640585b892437c049c6fec4') in 0.007071 seconds
  Import took 0.011003 seconds .

========================================================================
Received Import Request.
  Time since last request: 1.129918 seconds.
  path: Assets/Scripts/CollectController.cs
  artifactKey: Guid(2bc3ca7719a6f7e4caf1308c5758a697) Importer(815301076,1909f56bfc062723c751e8b465ee728b)
Start importing Assets/Scripts/CollectController.cs using Guid(2bc3ca7719a6f7e4caf1308c5758a697) Importer(815301076,1909f56bfc062723c751e8b465ee728b)  -> (artifact id: 'ebbef5d6ece5a930bfbdc8c4d129ce5d') in 0.006315 seconds
  Import took 0.009895 seconds .

========================================================================
Received Import Request.
  Time since last request: 0.683053 seconds.
  path: Assets/Scripts/DialogController.cs
  artifactKey: Guid(74052215ac7e0a040989c7bc99b230ff) Importer(815301076,1909f56bfc062723c751e8b465ee728b)
Start importing Assets/Scripts/DialogController.cs using Guid(74052215ac7e0a040989c7bc99b230ff) Importer(815301076,1909f56bfc062723c751e8b465ee728b)  -> (artifact id: '14919ba9ed4096a859648c791f012d9e') in 0.006564 seconds
  Import took 0.009862 seconds .

========================================================================
Received Prepare
Registering precompiled user dll's ...
Registered in 0.001200 seconds.
Begin MonoManager ReloadAssembly
Native extension for WindowsStandalone target not found
Refreshing native plugins compatible for Editor in 0.49 ms, found 1 plugins.
Preloading 0 native plugins for Editor in 0.00 ms.
Invoked RoslynAnalysisRunner static constructor.
RoslynAnalysisRunner will not be running.
RoslynAnalysisRunner has terminated.
Mono: successfully reloaded assembly
- Completed reload, in  0.823 seconds
Platform modules already initialized, skipping
Refreshing native plugins compatible for Editor in 0.49 ms, found 1 plugins.
Preloading 0 native plugins for Editor in 0.00 ms.
Unloading 2166 Unused Serialized files (Serialized files now loaded: 0)
System memory in use before: 105.3 MB.
System memory in use after: 104.1 MB.

Unloading 22 unused Assets to reduce memory usage. Loaded Objects now: 2648.
Total: 3.127500 ms (FindLiveObjects: 0.245000 ms CreateObjectMapping: 0.048800 ms MarkObjects: 2.131300 ms  DeleteObjects: 0.701000 ms)

========================================================================
Received Prepare
Registering precompiled user dll's ...
Registered in 0.001295 seconds.
Begin MonoManager ReloadAssembly
Native extension for WindowsStandalone target not found
Refreshing native plugins compatible for Editor in 0.62 ms, found 1 plugins.
Preloading 0 native plugins for Editor in 0.00 ms.
Invoked RoslynAnalysisRunner static constructor.
RoslynAnalysisRunner will not be running.
RoslynAnalysisRunner has terminated.
Mono: successfully reloaded assembly
- Completed reload, in  1.002 seconds
Platform modules already initialized, skipping
Refreshing native plugins compatible for Editor in 0.62 ms, found 1 plugins.
Preloading 0 native plugins for Editor in 0.00 ms.
Unloading 2231 Unused Serialized files (Serialized files now loaded: 0)
System memory in use before: 139.0 MB.
System memory in use after: 138.1 MB.

Unloading 70 unused Assets to reduce memory usage. Loaded Objects now: 2683.
Total: 3.607000 ms (FindLiveObjects: 0.519600 ms CreateObjectMapping: 0.086200 ms MarkObjects: 1.892900 ms  DeleteObjects: 1.106800 ms)

========================================================================
Received Prepare
Registering precompiled user dll's ...
Registered in 0.000938 seconds.
Begin MonoManager ReloadAssembly
Native extension for WindowsStandalone target not found
Refreshing native plugins compatible for Editor in 0.53 ms, found 1 plugins.
Preloading 0 native plugins for Editor in 0.00 ms.
Invoked RoslynAnalysisRunner static constructor.
RoslynAnalysisRunner will not be running.
RoslynAnalysisRunner has terminated.
Mono: successfully reloaded assembly
- Completed reload, in  0.910 seconds
Platform modules already initialized, skipping
Refreshing native plugins compatible for Editor in 0.54 ms, found 1 plugins.
Preloading 0 native plugins for Editor in 0.00 ms.
Unloading 2198 Unused Serialized files (Serialized files now loaded: 0)
System memory in use before: 137.9 MB.
System memory in use after: 137.1 MB.

Unloading 70 unused Assets to reduce memory usage. Loaded Objects now: 2685.
Total: 3.808900 ms (FindLiveObjects: 0.375900 ms CreateObjectMapping: 0.054800 ms MarkObjects: 2.231900 ms  DeleteObjects: 1.145000 ms)

========================================================================
Received Import Request.
  Time since last request: 4236.743056 seconds.
  path: Assets/Scripts/BoundaryController.cs
  artifactKey: Guid(72ee907c9214cf9408e883f31ca735bf) Importer(815301076,1909f56bfc062723c751e8b465ee728b)
Start importing Assets/Scripts/BoundaryController.cs using Guid(72ee907c9214cf9408e883f31ca735bf) Importer(815301076,1909f56bfc062723c751e8b465ee728b)  -> (artifact id: 'd045792f13dc6e51271f33696be3bd1a') in 0.009057 seconds
  Import took 0.013653 seconds .

AssetImportWorkerClient::OnTransportError - code=2 error=End of file
